2010/10/21 11:10:10 [error] [system.db.CDbCommand] Error in querying SQL: SHOW COLUMNS FROM `user`
in /var/www/yii/framework/gii/generators/model/ModelCode.php (138)
in /var/www/yii/framework/gii/generators/model/ModelCode.php (114)
in /var/www/yii/framework/gii/CCodeGenerator.php (155)
2010/10/21 11:10:19 [error] [system.db.CDbCommand] Error in querying SQL: SHOW COLUMNS FROM `users`
in /var/www/yii/framework/gii/generators/model/ModelCode.php (138)
in /var/www/yii/framework/gii/generators/model/ModelCode.php (114)
in /var/www/yii/framework/gii/CCodeGenerator.php (155)
2010/10/21 11:17:28 [error] [exception.CHttpException.404] exception 'CHttpException' with message 'Unable to resolve the request "users".' in /var/www/yii/framework/web/CWebApplication.php:328
Stack trace:
#0 /var/www/yii/framework/web/CWebApplication.php(121): CWebApplication->runController('users')
#1 /var/www/yii/framework/base/CApplication.php(135): CWebApplication->processRequest()
#2 /var/www/expensii/index.php(13): CApplication->run()
#3 {main} REQUEST_URI=/expensii/index.php?r=users
2010/10/21 12:06:51 [error] [php] htmlspecialchars() expects parameter 1 to be string, object given (/var/www/yii/framework/web/helpers/CHtml.php:66)
Stack trace:
#0 /var/www/yii/framework/utils/CFormatter.php(102): CFormatter->formatText()
#1 /var/www/yii/framework/zii/widgets/CDetailView.php(205): CFormatter->format()
#2 /var/www/yii/framework/web/CBaseController.php(166): CDetailView->run()
#3 /var/www/expensii/protected/views/expenses/view.php(28): ExpensesController->widget()
#4 /var/www/yii/framework/web/CBaseController.php(119): require()
#5 /var/www/yii/framework/web/CBaseController.php(88): ExpensesController->renderInternal()
#6 /var/www/yii/framework/web/CController.php(798): ExpensesController->renderFile()
#7 /var/www/yii/framework/web/CController.php(739): ExpensesController->renderPartial()
#8 /var/www/expensii/protected/controllers/ExpensesController.php(55): ExpensesController->render()
#9 unknown(0): ExpensesController->actionView()
#10 /var/www/yii/framework/web/actions/CInlineAction.php(47): ReflectionMethod->invokeArgs()
#11 /var/www/yii/framework/web/CController.php(300): CInlineAction->run()
#12 /var/www/yii/framework/web/filters/CFilterChain.php(133): ExpensesController->runAction()
#13 /var/www/yii/framework/web/filters/CFilter.php(41): CFilterChain->run()
#14 /var/www/yii/framework/web/CController.php(1049): CAccessControlFilter->filter()
#15 /var/www/yii/framework/web/filters/CInlineFilter.php(59): ExpensesController->filterAccessControl()
#16 /var/www/yii/framework/web/filters/CFilterChain.php(130): CInlineFilter->filter()
#17 /var/www/yii/framework/web/CController.php(283): CFilterChain->run()
#18 /var/www/yii/framework/web/CController.php(257): ExpensesController->runActionWithFilters()
#19 /var/www/yii/framework/web/CWebApplication.php(324): ExpensesController->run()
#20 /var/www/yii/framework/web/CWebApplication.php(121): CWebApplication->runController()
#21 /var/www/yii/framework/base/CApplication.php(135): CWebApplication->processRequest()
#22 /var/www/expensii/index.php(13): CWebApplication->run()
REQUEST_URI=/expensii/expenses/1
in /var/www/yii/framework/zii/widgets/CDetailView.php (205)
in /var/www/expensii/protected/views/expenses/view.php (28)
in /var/www/expensii/protected/controllers/ExpensesController.php (55)
2010/10/21 12:07:02 [error] [exception.CException] exception 'CException' with message 'The attribute must be specified in the format of "Name:Type:Label", where "Type" and "Label" are optional.' in /var/www/yii/framework/zii/widgets/CDetailView.php:173
Stack trace:
#0 /var/www/yii/framework/web/CBaseController.php(166): CDetailView->run()
#1 /var/www/expensii/protected/views/expenses/view.php(28): CBaseController->widget('zii.widgets.CDe...', Array)
#2 /var/www/yii/framework/web/CBaseController.php(119): require('/var/www/expens...')
#3 /var/www/yii/framework/web/CBaseController.php(88): CBaseController->renderInternal('/var/www/expens...', Array, true)
#4 /var/www/yii/framework/web/CController.php(798): CBaseController->renderFile('/var/www/expens...', Array, true)
#5 /var/www/yii/framework/web/CController.php(739): CController->renderPartial('view', Array, true)
#6 /var/www/expensii/protected/controllers/ExpensesController.php(55): CController->render('view', Array)
#7 [internal function]: ExpensesController->actionView('1')
#8 /var/www/yii/framework/web/actions/CInlineAction.php(47): ReflectionMethod->invokeArgs(Object(ExpensesController), Array)
#9 /var/www/yii/framework/web/CController.php(300): CInlineAction->run()
#10 /var/www/yii/framework/web/filters/CFilterChain.php(133): CController->runAction(Object(CInlineAction))
#11 /var/www/yii/framework/web/filters/CFilter.php(41): CFilterChain->run()
#12 /var/www/yii/framework/web/CController.php(1049): CFilter->filter(Object(CFilterChain))
#13 /var/www/yii/framework/web/filters/CInlineFilter.php(59): CController->filterAccessControl(Object(CFilterChain))
#14 /var/www/yii/framework/web/filters/CFilterChain.php(130): CInlineFilter->filter(Object(CFilterChain))
#15 /var/www/yii/framework/web/CController.php(283): CFilterChain->run()
#16 /var/www/yii/framework/web/CController.php(257): CController->runActionWithFilters(Object(CInlineAction), Array)
#17 /var/www/yii/framework/web/CWebApplication.php(324): CController->run('view')
#18 /var/www/yii/framework/web/CWebApplication.php(121): CWebApplication->runController('expenses/view')
#19 /var/www/yii/framework/base/CApplication.php(135): CWebApplication->processRequest()
#20 /var/www/expensii/index.php(13): CApplication->run()
#21 {main} REQUEST_URI=/expensii/expenses/1
2010/10/21 12:07:09 [error] [php] Missing argument 2 for CFormatter::format(), called in /var/www/yii/framework/utils/CFormatter.php on line 102 and defined (/var/www/yii/framework/utils/CFormatter.php:98)
Stack trace:
#0 /var/www/yii/framework/web/CBaseController.php(166): CDetailView->run()
#1 /var/www/expensii/protected/views/expenses/view.php(28): ExpensesController->widget()
#2 /var/www/yii/framework/web/CBaseController.php(119): require()
#3 /var/www/yii/framework/web/CBaseController.php(88): ExpensesController->renderInternal()
#4 /var/www/yii/framework/web/CController.php(798): ExpensesController->renderFile()
#5 /var/www/yii/framework/web/CController.php(739): ExpensesController->renderPartial()
#6 /var/www/expensii/protected/controllers/ExpensesController.php(55): ExpensesController->render()
#7 unknown(0): ExpensesController->actionView()
#8 /var/www/yii/framework/web/actions/CInlineAction.php(47): ReflectionMethod->invokeArgs()
#9 /var/www/yii/framework/web/CController.php(300): CInlineAction->run()
#10 /var/www/yii/framework/web/filters/CFilterChain.php(133): ExpensesController->runAction()
#11 /var/www/yii/framework/web/filters/CFilter.php(41): CFilterChain->run()
#12 /var/www/yii/framework/web/CController.php(1049): CAccessControlFilter->filter()
#13 /var/www/yii/framework/web/filters/CInlineFilter.php(59): ExpensesController->filterAccessControl()
#14 /var/www/yii/framework/web/filters/CFilterChain.php(130): CInlineFilter->filter()
#15 /var/www/yii/framework/web/CController.php(283): CFilterChain->run()
#16 /var/www/yii/framework/web/CController.php(257): ExpensesController->runActionWithFilters()
#17 /var/www/yii/framework/web/CWebApplication.php(324): ExpensesController->run()
#18 /var/www/yii/framework/web/CWebApplication.php(121): CWebApplication->runController()
#19 /var/www/yii/framework/base/CApplication.php(135): CWebApplication->processRequest()
#20 /var/www/expensii/index.php(13): CWebApplication->run()
REQUEST_URI=/expensii/expenses/1
in /var/www/yii/framework/zii/widgets/CDetailView.php (205)
in /var/www/expensii/protected/views/expenses/view.php (28)
in /var/www/expensii/protected/controllers/ExpensesController.php (55)
2010/10/21 12:09:17 [error] [exception.CException] exception 'CException' with message 'Unknown type "Category".' in /var/www/yii/framework/utils/CFormatter.php:104
Stack trace:
#0 /var/www/yii/framework/zii/widgets/CDetailView.php(205): CFormatter->format(Object(Category), 'Category')
#1 /var/www/yii/framework/web/CBaseController.php(166): CDetailView->run()
#2 /var/www/expensii/protected/views/expenses/view.php(28): CBaseController->widget('zii.widgets.CDe...', Array)
#3 /var/www/yii/framework/web/CBaseController.php(119): require('/var/www/expens...')
#4 /var/www/yii/framework/web/CBaseController.php(88): CBaseController->renderInternal('/var/www/expens...', Array, true)
#5 /var/www/yii/framework/web/CController.php(798): CBaseController->renderFile('/var/www/expens...', Array, true)
#6 /var/www/yii/framework/web/CController.php(739): CController->renderPartial('view', Array, true)
#7 /var/www/expensii/protected/controllers/ExpensesController.php(55): CController->render('view', Array)
#8 [internal function]: ExpensesController->actionView('1')
#9 /var/www/yii/framework/web/actions/CInlineAction.php(47): ReflectionMethod->invokeArgs(Object(ExpensesController), Array)
#10 /var/www/yii/framework/web/CController.php(300): CInlineAction->run()
#11 /var/www/yii/framework/web/filters/CFilterChain.php(133): CController->runAction(Object(CInlineAction))
#12 /var/www/yii/framework/web/filters/CFilter.php(41): CFilterChain->run()
#13 /var/www/yii/framework/web/CController.php(1049): CFilter->filter(Object(CFilterChain))
#14 /var/www/yii/framework/web/filters/CInlineFilter.php(59): CController->filterAccessControl(Object(CFilterChain))
#15 /var/www/yii/framework/web/filters/CFilterChain.php(130): CInlineFilter->filter(Object(CFilterChain))
#16 /var/www/yii/framework/web/CController.php(283): CFilterChain->run()
#17 /var/www/yii/framework/web/CController.php(257): CController->runActionWithFilters(Object(CInlineAction), Array)
#18 /var/www/yii/framework/web/CWebApplication.php(324): CController->run('view')
#19 /var/www/yii/framework/web/CWebApplication.php(121): CWebApplication->runController('expenses/view')
#20 /var/www/yii/framework/base/CApplication.php(135): CWebApplication->processRequest()
#21 /var/www/expensii/index.php(13): CApplication->run()
#22 {main} REQUEST_URI=/expensii/expenses/1
2010/10/21 12:09:32 [error] [exception.CException] exception 'CException' with message 'Unknown type "name".' in /var/www/yii/framework/utils/CFormatter.php:104
Stack trace:
#0 /var/www/yii/framework/zii/widgets/CDetailView.php(205): CFormatter->format(Object(Category), 'name')
#1 /var/www/yii/framework/web/CBaseController.php(166): CDetailView->run()
#2 /var/www/expensii/protected/views/expenses/view.php(28): CBaseController->widget('zii.widgets.CDe...', Array)
#3 /var/www/yii/framework/web/CBaseController.php(119): require('/var/www/expens...')
#4 /var/www/yii/framework/web/CBaseController.php(88): CBaseController->renderInternal('/var/www/expens...', Array, true)
#5 /var/www/yii/framework/web/CController.php(798): CBaseController->renderFile('/var/www/expens...', Array, true)
#6 /var/www/yii/framework/web/CController.php(739): CController->renderPartial('view', Array, true)
#7 /var/www/expensii/protected/controllers/ExpensesController.php(55): CController->render('view', Array)
#8 [internal function]: ExpensesController->actionView('1')
#9 /var/www/yii/framework/web/actions/CInlineAction.php(47): ReflectionMethod->invokeArgs(Object(ExpensesController), Array)
#10 /var/www/yii/framework/web/CController.php(300): CInlineAction->run()
#11 /var/www/yii/framework/web/filters/CFilterChain.php(133): CController->runAction(Object(CInlineAction))
#12 /var/www/yii/framework/web/filters/CFilter.php(41): CFilterChain->run()
#13 /var/www/yii/framework/web/CController.php(1049): CFilter->filter(Object(CFilterChain))
#14 /var/www/yii/framework/web/filters/CInlineFilter.php(59): CController->filterAccessControl(Object(CFilterChain))
#15 /var/www/yii/framework/web/filters/CFilterChain.php(130): CInlineFilter->filter(Object(CFilterChain))
#16 /var/www/yii/framework/web/CController.php(283): CFilterChain->run()
#17 /var/www/yii/framework/web/CController.php(257): CController->runActionWithFilters(Object(CInlineAction), Array)
#18 /var/www/yii/framework/web/CWebApplication.php(324): CController->run('view')
#19 /var/www/yii/framework/web/CWebApplication.php(121): CWebApplication->runController('expenses/view')
#20 /var/www/yii/framework/base/CApplication.php(135): CWebApplication->processRequest()
#21 /var/www/expensii/index.php(13): CApplication->run()
#22 {main} REQUEST_URI=/expensii/expenses/1
2010/10/21 12:09:40 [error] [exception.CException] exception 'CException' with message 'Unknown type "category".' in /var/www/yii/framework/utils/CFormatter.php:104
Stack trace:
#0 /var/www/yii/framework/zii/widgets/CDetailView.php(205): CFormatter->format('2', 'category')
#1 /var/www/yii/framework/web/CBaseController.php(166): CDetailView->run()
#2 /var/www/expensii/protected/views/expenses/view.php(28): CBaseController->widget('zii.widgets.CDe...', Array)
#3 /var/www/yii/framework/web/CBaseController.php(119): require('/var/www/expens...')
#4 /var/www/yii/framework/web/CBaseController.php(88): CBaseController->renderInternal('/var/www/expens...', Array, true)
#5 /var/www/yii/framework/web/CController.php(798): CBaseController->renderFile('/var/www/expens...', Array, true)
#6 /var/www/yii/framework/web/CController.php(739): CController->renderPartial('view', Array, true)
#7 /var/www/expensii/protected/controllers/ExpensesController.php(55): CController->render('view', Array)
#8 [internal function]: ExpensesController->actionView('1')
#9 /var/www/yii/framework/web/actions/CInlineAction.php(47): ReflectionMethod->invokeArgs(Object(ExpensesController), Array)
#10 /var/www/yii/framework/web/CController.php(300): CInlineAction->run()
#11 /var/www/yii/framework/web/filters/CFilterChain.php(133): CController->runAction(Object(CInlineAction))
#12 /var/www/yii/framework/web/filters/CFilter.php(41): CFilterChain->run()
#13 /var/www/yii/framework/web/CController.php(1049): CFilter->filter(Object(CFilterChain))
#14 /var/www/yii/framework/web/filters/CInlineFilter.php(59): CController->filterAccessControl(Object(CFilterChain))
#15 /var/www/yii/framework/web/filters/CFilterChain.php(130): CInlineFilter->filter(Object(CFilterChain))
#16 /var/www/yii/framework/web/CController.php(283): CFilterChain->run()
#17 /var/www/yii/framework/web/CController.php(257): CController->runActionWithFilters(Object(CInlineAction), Array)
#18 /var/www/yii/framework/web/CWebApplication.php(324): CController->run('view')
#19 /var/www/yii/framework/web/CWebApplication.php(121): CWebApplication->runController('expenses/view')
#20 /var/www/yii/framework/base/CApplication.php(135): CWebApplication->processRequest()
#21 /var/www/expensii/index.php(13): CApplication->run()
#22 {main} REQUEST_URI=/expensii/expenses/1
2010/10/21 12:09:47 [error] [exception.CException] exception 'CException' with message 'Unknown type "string".' in /var/www/yii/framework/utils/CFormatter.php:104
Stack trace:
#0 /var/www/yii/framework/zii/widgets/CDetailView.php(205): CFormatter->format('2', 'string')
#1 /var/www/yii/framework/web/CBaseController.php(166): CDetailView->run()
#2 /var/www/expensii/protected/views/expenses/view.php(28): CBaseController->widget('zii.widgets.CDe...', Array)
#3 /var/www/yii/framework/web/CBaseController.php(119): require('/var/www/expens...')
#4 /var/www/yii/framework/web/CBaseController.php(88): CBaseController->renderInternal('/var/www/expens...', Array, true)
#5 /var/www/yii/framework/web/CController.php(798): CBaseController->renderFile('/var/www/expens...', Array, true)
#6 /var/www/yii/framework/web/CController.php(739): CController->renderPartial('view', Array, true)
#7 /var/www/expensii/protected/controllers/ExpensesController.php(55): CController->render('view', Array)
#8 [internal function]: ExpensesController->actionView('1')
#9 /var/www/yii/framework/web/actions/CInlineAction.php(47): ReflectionMethod->invokeArgs(Object(ExpensesController), Array)
#10 /var/www/yii/framework/web/CController.php(300): CInlineAction->run()
#11 /var/www/yii/framework/web/filters/CFilterChain.php(133): CController->runAction(Object(CInlineAction))
#12 /var/www/yii/framework/web/filters/CFilter.php(41): CFilterChain->run()
#13 /var/www/yii/framework/web/CController.php(1049): CFilter->filter(Object(CFilterChain))
#14 /var/www/yii/framework/web/filters/CInlineFilter.php(59): CController->filterAccessControl(Object(CFilterChain))
#15 /var/www/yii/framework/web/filters/CFilterChain.php(130): CInlineFilter->filter(Object(CFilterChain))
#16 /var/www/yii/framework/web/CController.php(283): CFilterChain->run()
#17 /var/www/yii/framework/web/CController.php(257): CController->runActionWithFilters(Object(CInlineAction), Array)
#18 /var/www/yii/framework/web/CWebApplication.php(324): CController->run('view')
#19 /var/www/yii/framework/web/CWebApplication.php(121): CWebApplication->runController('expenses/view')
#20 /var/www/yii/framework/base/CApplication.php(135): CWebApplication->processRequest()
#21 /var/www/expensii/index.php(13): CApplication->run()
#22 {main} REQUEST_URI=/expensii/expenses/1
2010/10/21 12:26:27 [error] [exception.CException] exception 'CException' with message 'CDbCriteria does not have a method named "select".' in /var/www/yii/framework/base/CComponent.php:266
Stack trace:
#0 /var/www/expensii/protected/models/Category.php(85): CComponent->__call('select', Array)
#1 /var/www/expensii/protected/models/Category.php(85): CDbCriteria->select('SUM(cost) AS co...')
#2 /var/www/expensii/protected/views/categories/_view.php(12): Category->cost()
#3 /var/www/yii/framework/web/CBaseController.php(119): require('/var/www/expens...')
#4 /var/www/yii/framework/web/CBaseController.php(88): CBaseController->renderInternal('/var/www/expens...', Array, true)
#5 /var/www/yii/framework/web/CController.php(798): CBaseController->renderFile('/var/www/expens...', Array, true)
#6 /var/www/yii/framework/zii/widgets/CListView.php(220): CController->renderPartial('_view', Array)
#7 /var/www/yii/framework/zii/widgets/CBaseListView.php(158): CListView->renderItems()
#8 [internal function]: CBaseListView->renderSection(Array)
#9 /var/www/yii/framework/zii/widgets/CBaseListView.php(141): preg_replace_callback('/{(\w+)}/', Array, '{summary}?{sort...')
#10 /var/www/yii/framework/zii/widgets/CBaseListView.php(127): CBaseListView->renderContent()
#11 /var/www/yii/framework/web/CBaseController.php(166): CBaseListView->run()
#12 /var/www/expensii/protected/views/categories/index.php(17): CBaseController->widget('zii.widgets.CLi...', Array)
#13 /var/www/yii/framework/web/CBaseController.php(119): require('/var/www/expens...')
#14 /var/www/yii/framework/web/CBaseController.php(88): CBaseController->renderInternal('/var/www/expens...', Array, true)
#15 /var/www/yii/framework/web/CController.php(798): CBaseController->renderFile('/var/www/expens...', Array, true)
#16 /var/www/yii/framework/web/CController.php(739): CController->renderPartial('index', Array, true)
#17 /var/www/expensii/protected/controllers/CategoriesController.php(123): CController->render('index', Array)
#18 /var/www/yii/framework/web/actions/CInlineAction.php(50): CategoriesController->actionIndex()
#19 /var/www/yii/framework/web/CController.php(300): CInlineAction->run()
#20 /var/www/yii/framework/web/filters/CFilterChain.php(133): CController->runAction(Object(CInlineAction))
#21 /var/www/yii/framework/web/filters/CFilter.php(41): CFilterChain->run()
#22 /var/www/yii/framework/web/CController.php(1049): CFilter->filter(Object(CFilterChain))
#23 /var/www/yii/framework/web/filters/CInlineFilter.php(59): CController->filterAccessControl(Object(CFilterChain))
#24 /var/www/yii/framework/web/filters/CFilterChain.php(130): CInlineFilter->filter(Object(CFilterChain))
#25 /var/www/yii/framework/web/CController.php(283): CFilterChain->run()
#26 /var/www/yii/framework/web/CController.php(257): CController->runActionWithFilters(Object(CInlineAction), Array)
#27 /var/www/yii/framework/web/CWebApplication.php(324): CController->run('')
#28 /var/www/yii/framework/web/CWebApplication.php(121): CWebApplication->runController('categories')
#29 /var/www/yii/framework/base/CApplication.php(135): CWebApplication->processRequest()
#30 /var/www/expensii/index.php(13): CApplication->run()
#31 {main} REQUEST_URI=/expensii/categories
2010/10/21 12:27:07 [error] [php] Use of undefined constant Expense - assumed 'Expense' (/var/www/expensii/protected/models/Category.php:87)
Stack trace:
#0 /var/www/yii/framework/web/CBaseController.php(88): CategoriesController->renderInternal()
#1 /var/www/yii/framework/web/CController.php(798): CategoriesController->renderFile()
#2 /var/www/yii/framework/zii/widgets/CListView.php(220): CategoriesController->renderPartial()
#3 /var/www/yii/framework/zii/widgets/CBaseListView.php(158): CListView->renderItems()
#4 unknown(0): CListView->renderSection()
#5 /var/www/yii/framework/zii/widgets/CBaseListView.php(141): preg_replace_callback()
#6 /var/www/yii/framework/zii/widgets/CBaseListView.php(127): CListView->renderContent()
#7 /var/www/yii/framework/web/CBaseController.php(166): CListView->run()
#8 /var/www/expensii/protected/views/categories/index.php(17): CategoriesController->widget()
#9 /var/www/yii/framework/web/CBaseController.php(119): require()
#10 /var/www/yii/framework/web/CBaseController.php(88): CategoriesController->renderInternal()
#11 /var/www/yii/framework/web/CController.php(798): CategoriesController->renderFile()
#12 /var/www/yii/framework/web/CController.php(739): CategoriesController->renderPartial()
#13 /var/www/expensii/protected/controllers/CategoriesController.php(123): CategoriesController->render()
#14 /var/www/yii/framework/web/actions/CInlineAction.php(50): CategoriesController->actionIndex()
#15 /var/www/yii/framework/web/CController.php(300): CInlineAction->run()
#16 /var/www/yii/framework/web/filters/CFilterChain.php(133): CategoriesController->runAction()
#17 /var/www/yii/framework/web/filters/CFilter.php(41): CFilterChain->run()
#18 /var/www/yii/framework/web/CController.php(1049): CAccessControlFilter->filter()
#19 /var/www/yii/framework/web/filters/CInlineFilter.php(59): CategoriesController->filterAccessControl()
#20 /var/www/yii/framework/web/filters/CFilterChain.php(130): CInlineFilter->filter()
#21 /var/www/yii/framework/web/CController.php(283): CFilterChain->run()
#22 /var/www/yii/framework/web/CController.php(257): CategoriesController->runActionWithFilters()
#23 /var/www/yii/framework/web/CWebApplication.php(324): CategoriesController->run()
#24 /var/www/yii/framework/web/CWebApplication.php(121): CWebApplication->runController()
#25 /var/www/yii/framework/base/CApplication.php(135): CWebApplication->processRequest()
#26 /var/www/expensii/index.php(13): CWebApplication->run()
REQUEST_URI=/expensii/categories
in /var/www/expensii/protected/models/Category.php (87)
in /var/www/expensii/protected/views/categories/_view.php (12)
in /var/www/yii/framework/zii/widgets/CListView.php (220)
2010/10/21 12:27:51 [error] [exception.CException] exception 'CException' with message 'Property "CActiveDataProvider.cost" is not defined.' in /var/www/yii/framework/base/CComponent.php:131
Stack trace:
#0 /var/www/expensii/protected/models/Category.php(92): CComponent->__get('cost')
#1 /var/www/expensii/protected/views/categories/_view.php(12): Category->cost()
#2 /var/www/yii/framework/web/CBaseController.php(119): require('/var/www/expens...')
#3 /var/www/yii/framework/web/CBaseController.php(88): CBaseController->renderInternal('/var/www/expens...', Array, true)
#4 /var/www/yii/framework/web/CController.php(798): CBaseController->renderFile('/var/www/expens...', Array, true)
#5 /var/www/yii/framework/zii/widgets/CListView.php(220): CController->renderPartial('_view', Array)
#6 /var/www/yii/framework/zii/widgets/CBaseListView.php(158): CListView->renderItems()
#7 [internal function]: CBaseListView->renderSection(Array)
#8 /var/www/yii/framework/zii/widgets/CBaseListView.php(141): preg_replace_callback('/{(\w+)}/', Array, '{summary}?{sort...')
#9 /var/www/yii/framework/zii/widgets/CBaseListView.php(127): CBaseListView->renderContent()
#10 /var/www/yii/framework/web/CBaseController.php(166): CBaseListView->run()
#11 /var/www/expensii/protected/views/categories/index.php(17): CBaseController->widget('zii.widgets.CLi...', Array)
#12 /var/www/yii/framework/web/CBaseController.php(119): require('/var/www/expens...')
#13 /var/www/yii/framework/web/CBaseController.php(88): CBaseController->renderInternal('/var/www/expens...', Array, true)
#14 /var/www/yii/framework/web/CController.php(798): CBaseController->renderFile('/var/www/expens...', Array, true)
#15 /var/www/yii/framework/web/CController.php(739): CController->renderPartial('index', Array, true)
#16 /var/www/expensii/protected/controllers/CategoriesController.php(123): CController->render('index', Array)
#17 /var/www/yii/framework/web/actions/CInlineAction.php(50): CategoriesController->actionIndex()
#18 /var/www/yii/framework/web/CController.php(300): CInlineAction->run()
#19 /var/www/yii/framework/web/filters/CFilterChain.php(133): CController->runAction(Object(CInlineAction))
#20 /var/www/yii/framework/web/filters/CFilter.php(41): CFilterChain->run()
#21 /var/www/yii/framework/web/CController.php(1049): CFilter->filter(Object(CFilterChain))
#22 /var/www/yii/framework/web/filters/CInlineFilter.php(59): CController->filterAccessControl(Object(CFilterChain))
#23 /var/www/yii/framework/web/filters/CFilterChain.php(130): CInlineFilter->filter(Object(CFilterChain))
#24 /var/www/yii/framework/web/CController.php(283): CFilterChain->run()
#25 /var/www/yii/framework/web/CController.php(257): CController->runActionWithFilters(Object(CInlineAction), Array)
#26 /var/www/yii/framework/web/CWebApplication.php(324): CController->run('')
#27 /var/www/yii/framework/web/CWebApplication.php(121): CWebApplication->runController('categories')
#28 /var/www/yii/framework/base/CApplication.php(135): CWebApplication->processRequest()
#29 /var/www/expensii/index.php(13): CApplication->run()
#30 {main} REQUEST_URI=/expensii/categories
2010/10/21 12:37:05 [error] [php] Trying to get property of non-object (/var/www/expensii/protected/models/Category.php:95)
Stack trace:
#0 /var/www/yii/framework/web/CBaseController.php(88): CategoriesController->renderInternal()
#1 /var/www/yii/framework/web/CController.php(798): CategoriesController->renderFile()
#2 /var/www/yii/framework/zii/widgets/CListView.php(220): CategoriesController->renderPartial()
#3 /var/www/yii/framework/zii/widgets/CBaseListView.php(158): CListView->renderItems()
#4 unknown(0): CListView->renderSection()
#5 /var/www/yii/framework/zii/widgets/CBaseListView.php(141): preg_replace_callback()
#6 /var/www/yii/framework/zii/widgets/CBaseListView.php(127): CListView->renderContent()
#7 /var/www/yii/framework/web/CBaseController.php(166): CListView->run()
#8 /var/www/expensii/protected/views/categories/index.php(17): CategoriesController->widget()
#9 /var/www/yii/framework/web/CBaseController.php(119): require()
#10 /var/www/yii/framework/web/CBaseController.php(88): CategoriesController->renderInternal()
#11 /var/www/yii/framework/web/CController.php(798): CategoriesController->renderFile()
#12 /var/www/yii/framework/web/CController.php(739): CategoriesController->renderPartial()
#13 /var/www/expensii/protected/controllers/CategoriesController.php(123): CategoriesController->render()
#14 /var/www/yii/framework/web/actions/CInlineAction.php(50): CategoriesController->actionIndex()
#15 /var/www/yii/framework/web/CController.php(300): CInlineAction->run()
#16 /var/www/yii/framework/web/filters/CFilterChain.php(133): CategoriesController->runAction()
#17 /var/www/yii/framework/web/filters/CFilter.php(41): CFilterChain->run()
#18 /var/www/yii/framework/web/CController.php(1049): CAccessControlFilter->filter()
#19 /var/www/yii/framework/web/filters/CInlineFilter.php(59): CategoriesController->filterAccessControl()
#20 /var/www/yii/framework/web/filters/CFilterChain.php(130): CInlineFilter->filter()
#21 /var/www/yii/framework/web/CController.php(283): CFilterChain->run()
#22 /var/www/yii/framework/web/CController.php(257): CategoriesController->runActionWithFilters()
#23 /var/www/yii/framework/web/CWebApplication.php(324): CategoriesController->run()
#24 /var/www/yii/framework/web/CWebApplication.php(121): CWebApplication->runController()
#25 /var/www/yii/framework/base/CApplication.php(135): CWebApplication->processRequest()
#26 /var/www/expensii/index.php(13): CWebApplication->run()
REQUEST_URI=/expensii/categories
in /var/www/expensii/protected/models/Category.php (95)
in /var/www/expensii/protected/views/categories/_view.php (12)
in /var/www/yii/framework/zii/widgets/CListView.php (220)
2010/10/21 12:39:39 [error] [system.db.CDbCommand] Error in querying SQL: SELECT SUM(cost) AS cost FROM Expense WHERE category_id = :id
in /var/www/expensii/protected/models/Category.php (84)
in /var/www/expensii/protected/views/categories/_view.php (12)
in /var/www/yii/framework/zii/widgets/CListView.php (220)
2010/10/21 12:39:39 [error] [exception.CDbException] exception 'CDbException' with message 'CDbCommand failed to execute the SQL statement: SQLSTATE[42S02]: Base table or view not found: 1146 Table 'yii_expenses.Expense' doesn't exist' in /var/www/yii/framework/db/CDbCommand.php:387
Stack trace:
#0 /var/www/yii/framework/db/CDbCommand.php(291): CDbCommand->queryInternal('fetch', 2, Array)
#1 /var/www/yii/framework/db/ar/CActiveRecord.php(1405): CDbCommand->queryRow()
#2 /var/www/expensii/protected/models/Category.php(84): CActiveRecord->findBySql('SELECT SUM(cost...', Array)
#3 /var/www/expensii/protected/views/categories/_view.php(12): Category->cost()
#4 /var/www/yii/framework/web/CBaseController.php(119): require('/var/www/expens...')
#5 /var/www/yii/framework/web/CBaseController.php(88): CBaseController->renderInternal('/var/www/expens...', Array, true)
#6 /var/www/yii/framework/web/CController.php(798): CBaseController->renderFile('/var/www/expens...', Array, true)
#7 /var/www/yii/framework/zii/widgets/CListView.php(220): CController->renderPartial('_view', Array)
#8 /var/www/yii/framework/zii/widgets/CBaseListView.php(158): CListView->renderItems()
#9 [internal function]: CBaseListView->renderSection(Array)
#10 /var/www/yii/framework/zii/widgets/CBaseListView.php(141): preg_replace_callback('/{(\w+)}/', Array, '{summary}?{sort...')
#11 /var/www/yii/framework/zii/widgets/CBaseListView.php(127): CBaseListView->renderContent()
#12 /var/www/yii/framework/web/CBaseController.php(166): CBaseListView->run()
#13 /var/www/expensii/protected/views/categories/index.php(17): CBaseController->widget('zii.widgets.CLi...', Array)
#14 /var/www/yii/framework/web/CBaseController.php(119): require('/var/www/expens...')
#15 /var/www/yii/framework/web/CBaseController.php(88): CBaseController->renderInternal('/var/www/expens...', Array, true)
#16 /var/www/yii/framework/web/CController.php(798): CBaseController->renderFile('/var/www/expens...', Array, true)
#17 /var/www/yii/framework/web/CController.php(739): CController->renderPartial('index', Array, true)
#18 /var/www/expensii/protected/controllers/CategoriesController.php(123): CController->render('index', Array)
#19 /var/www/yii/framework/web/actions/CInlineAction.php(50): CategoriesController->actionIndex()
#20 /var/www/yii/framework/web/CController.php(300): CInlineAction->run()
#21 /var/www/yii/framework/web/filters/CFilterChain.php(133): CController->runAction(Object(CInlineAction))
#22 /var/www/yii/framework/web/filters/CFilter.php(41): CFilterChain->run()
#23 /var/www/yii/framework/web/CController.php(1049): CFilter->filter(Object(CFilterChain))
#24 /var/www/yii/framework/web/filters/CInlineFilter.php(59): CController->filterAccessControl(Object(CFilterChain))
#25 /var/www/yii/framework/web/filters/CFilterChain.php(130): CInlineFilter->filter(Object(CFilterChain))
#26 /var/www/yii/framework/web/CController.php(283): CFilterChain->run()
#27 /var/www/yii/framework/web/CController.php(257): CController->runActionWithFilters(Object(CInlineAction), Array)
#28 /var/www/yii/framework/web/CWebApplication.php(324): CController->run('')
#29 /var/www/yii/framework/web/CWebApplication.php(121): CWebApplication->runController('categories')
#30 /var/www/yii/framework/base/CApplication.php(135): CWebApplication->processRequest()
#31 /var/www/expensii/index.php(13): CApplication->run()
#32 {main} REQUEST_URI=/expensii/categories
